<?xml version="1.0" encoding="UTF-8"?>
<!-- Generated by org.testng.reporters.JUnitReportReporter -->
<testsuite hostname="LTIN558717" failures="0" tests="1" name="testCases.TravelTest" time="11.732" errors="0" timestamp="2025-07-24T17:37:38 IST" skipped="0">
  <testcase classname="testCases.TravelTest" name="travel" time="11.732"/>
</testsuite> <!-- testCases.TravelTest -->
